Traceback (most recent call last):
  File "/home/laser/miniconda3/envs/revamp/lib/python3.11/site-packages/jupyter_cache/executors/utils.py", line 58, in single_nb_execution
    executenb(
  File "/home/laser/miniconda3/envs/revamp/lib/python3.11/site-packages/nbclient/client.py", line 1305, in execute
    return NotebookClient(nb=nb, resources=resources, km=km, **kwargs).execute()
           ^^^^^^^^^^^^^^^^^^^^^^^^^^^^^^^^^^^^^^^^^^^^^^^^^^^^^^^^^^^^^^^^^^^^^
  File "/home/laser/miniconda3/envs/revamp/lib/python3.11/site-packages/jupyter_core/utils/__init__.py", line 168, in wrapped
    return loop.run_until_complete(inner)
           ^^^^^^^^^^^^^^^^^^^^^^^^^^^^^^
  File "/home/laser/miniconda3/envs/revamp/lib/python3.11/asyncio/base_events.py", line 653, in run_until_complete
    return future.result()
           ^^^^^^^^^^^^^^^
  File "/home/laser/miniconda3/envs/revamp/lib/python3.11/site-packages/nbclient/client.py", line 705, in async_execute
    await self.async_execute_cell(
  File "/home/laser/miniconda3/envs/revamp/lib/python3.11/site-packages/nbclient/client.py", line 1058, in async_execute_cell
    await self._check_raise_for_error(cell, cell_index, exec_reply)
  File "/home/laser/miniconda3/envs/revamp/lib/python3.11/site-packages/nbclient/client.py", line 914, in _check_raise_for_error
    raise CellExecutionError.from_cell_and_msg(cell, exec_reply_content)
nbclient.exceptions.CellExecutionError: An error occurred while executing the following cell:
------------------
metadata = D.get_metadata()
is_annotated_mask = metadata.label_count > 0
is_annotated_index = dc.PieceIndex(metadata.index[is_annotated_mask])
annotated_notes = notes[is_annotated_index]
print(f"The annotated pieces have {len(annotated_notes)} notes.")
------------------


[0;31m---------------------------------------------------------------------------[0m
[0;31mTypeError[0m                                 Traceback (most recent call last)
Cell [0;32mIn[5], line 2[0m
[1;32m      1[0m metadata [38;5;241m=[39m D[38;5;241m.[39mget_metadata()
[0;32m----> 2[0m is_annotated_mask [38;5;241m=[39m [43mmetadata[49m[38;5;241;43m.[39;49m[43mlabel_count[49m[43m [49m[38;5;241;43m>[39;49m[43m [49m[38;5;241;43m0[39;49m
[1;32m      3[0m is_annotated_index [38;5;241m=[39m dc[38;5;241m.[39mPieceIndex(metadata[38;5;241m.[39mindex[is_annotated_mask])
[1;32m      4[0m annotated_notes [38;5;241m=[39m notes[is_annotated_index]

File [0;32m~/miniconda3/envs/revamp/lib/python3.11/site-packages/pandas/core/ops/common.py:76[0m, in [0;36m_unpack_zerodim_and_defer.<locals>.new_method[0;34m(self, other)[0m
[1;32m     72[0m             [38;5;28;01mreturn[39;00m [38;5;28mNotImplemented[39m
[1;32m     74[0m other [38;5;241m=[39m item_from_zerodim(other)
[0;32m---> 76[0m [38;5;28;01mreturn[39;00m [43mmethod[49m[43m([49m[38;5;28;43mself[39;49m[43m,[49m[43m [49m[43mother[49m[43m)[49m

File [0;32m~/miniconda3/envs/revamp/lib/python3.11/site-packages/pandas/core/arraylike.py:56[0m, in [0;36mOpsMixin.__gt__[0;34m(self, other)[0m
[1;32m     54[0m [38;5;129m@unpack_zerodim_and_defer[39m([38;5;124m"[39m[38;5;124m__gt__[39m[38;5;124m"[39m)
[1;32m     55[0m [38;5;28;01mdef[39;00m [38;5;21m__gt__[39m([38;5;28mself[39m, other):
[0;32m---> 56[0m     [38;5;28;01mreturn[39;00m [38;5;28;43mself[39;49m[38;5;241;43m.[39;49m[43m_cmp_method[49m[43m([49m[43mother[49m[43m,[49m[43m [49m[43moperator[49m[38;5;241;43m.[39;49m[43mgt[49m[43m)[49m

File [0;32m~/miniconda3/envs/revamp/lib/python3.11/site-packages/pandas/core/series.py:5799[0m, in [0;36mSeries._cmp_method[0;34m(self, other, op)[0m
[1;32m   5796[0m lvalues [38;5;241m=[39m [38;5;28mself[39m[38;5;241m.[39m_values
[1;32m   5797[0m rvalues [38;5;241m=[39m extract_array(other, extract_numpy[38;5;241m=[39m[38;5;28;01mTrue[39;00m, extract_range[38;5;241m=[39m[38;5;28;01mTrue[39;00m)
[0;32m-> 5799[0m res_values [38;5;241m=[39m [43mops[49m[38;5;241;43m.[39;49m[43mcomparison_op[49m[43m([49m[43mlvalues[49m[43m,[49m[43m [49m[43mrvalues[49m[43m,[49m[43m [49m[43mop[49m[43m)[49m
[1;32m   5801[0m [38;5;28;01mreturn[39;00m [38;5;28mself[39m[38;5;241m.[39m_construct_result(res_values, name[38;5;241m=[39mres_name)

File [0;32m~/miniconda3/envs/revamp/lib/python3.11/site-packages/pandas/core/ops/array_ops.py:332[0m, in [0;36mcomparison_op[0;34m(left, right, op)[0m
[1;32m    323[0m         [38;5;28;01mraise[39;00m [38;5;167;01mValueError[39;00m(
[1;32m    324[0m             [38;5;124m"[39m[38;5;124mLengths must match to compare[39m[38;5;124m"[39m, lvalues[38;5;241m.[39mshape, rvalues[38;5;241m.[39mshape
[1;32m    325[0m         )
[1;32m    327[0m [38;5;28;01mif[39;00m should_extension_dispatch(lvalues, rvalues) [38;5;129;01mor[39;00m (
[1;32m    328[0m     ([38;5;28misinstance[39m(rvalues, (Timedelta, BaseOffset, Timestamp)) [38;5;129;01mor[39;00m right [38;5;129;01mis[39;00m NaT)
[1;32m    329[0m     [38;5;129;01mand[39;00m lvalues[38;5;241m.[39mdtype [38;5;241m!=[39m [38;5;28mobject[39m
[1;32m    330[0m ):
[1;32m    331[0m     [38;5;66;03m# Call the method on lvalues[39;00m
[0;32m--> 332[0m     res_values [38;5;241m=[39m [43mop[49m[43m([49m[43mlvalues[49m[43m,[49m[43m [49m[43mrvalues[49m[43m)[49m
[1;32m    334[0m [38;5;28;01melif[39;00m is_scalar(rvalues) [38;5;129;01mand[39;00m isna(rvalues):  [38;5;66;03m# TODO: but not pd.NA?[39;00m
[1;32m    335[0m     [38;5;66;03m# numpy does not like comparisons vs None[39;00m
[1;32m    336[0m     [38;5;28;01mif[39;00m op [38;5;129;01mis[39;00m operator[38;5;241m.[39mne:

File [0;32m~/miniconda3/envs/revamp/lib/python3.11/site-packages/pandas/core/ops/common.py:76[0m, in [0;36m_unpack_zerodim_and_defer.<locals>.new_method[0;34m(self, other)[0m
[1;32m     72[0m             [38;5;28;01mreturn[39;00m [38;5;28mNotImplemented[39m
[1;32m     74[0m other [38;5;241m=[39m item_from_zerodim(other)
[0;32m---> 76[0m [38;5;28;01mreturn[39;00m [43mmethod[49m[43m([49m[38;5;28;43mself[39;49m[43m,[49m[43m [49m[43mother[49m[43m)[49m

File [0;32m~/miniconda3/envs/revamp/lib/python3.11/site-packages/pandas/core/arraylike.py:56[0m, in [0;36mOpsMixin.__gt__[0;34m(self, other)[0m
[1;32m     54[0m [38;5;129m@unpack_zerodim_and_defer[39m([38;5;124m"[39m[38;5;124m__gt__[39m[38;5;124m"[39m)
[1;32m     55[0m [38;5;28;01mdef[39;00m [38;5;21m__gt__[39m([38;5;28mself[39m, other):
[0;32m---> 56[0m     [38;5;28;01mreturn[39;00m [38;5;28;43mself[39;49m[38;5;241;43m.[39;49m[43m_cmp_method[49m[43m([49m[43mother[49m[43m,[49m[43m [49m[43moperator[49m[38;5;241;43m.[39;49m[43mgt[49m[43m)[49m

File [0;32m~/miniconda3/envs/revamp/lib/python3.11/site-packages/pandas/core/arrays/string_.py:573[0m, in [0;36mStringArray._cmp_method[0;34m(self, other, op)[0m
[1;32m    570[0m [38;5;28;01melse[39;00m:
[1;32m    571[0m     [38;5;66;03m# logical[39;00m
[1;32m    572[0m     result [38;5;241m=[39m np[38;5;241m.[39mzeros([38;5;28mlen[39m([38;5;28mself[39m[38;5;241m.[39m_ndarray), dtype[38;5;241m=[39m[38;5;124m"[39m[38;5;124mbool[39m[38;5;124m"[39m)
[0;32m--> 573[0m     result[valid] [38;5;241m=[39m [43mop[49m[43m([49m[38;5;28;43mself[39;49m[38;5;241;43m.[39;49m[43m_ndarray[49m[43m[[49m[43mvalid[49m[43m][49m[43m,[49m[43m [49m[43mother[49m[43m)[49m
[1;32m    574[0m     [38;5;28;01mreturn[39;00m BooleanArray(result, mask)

[0;31mTypeError[0m: '>' not supported between instances of 'str' and 'int'

